2026-02-04 16:03:47 - AutoPushSystem - INFO - 初始化 AutoPushSystem
2026-02-04 16:03:47 - NewsStockPusher - INFO - 初始化 NewsStockPusher
2026-02-04 16:03:47 - SocialMediaMonitor - INFO - 社交媒体API状态:
2026-02-04 16:03:47 - SocialMediaMonitor - INFO -   ❌ twitter: ❌ 未配置
2026-02-04 16:03:47 - SocialMediaMonitor - INFO -   ❌ weibo: ❌ 未配置
2026-02-04 16:03:47 - SocialMediaMonitor - INFO -   ❌ reddit: ❌ 未配置
2026-02-04 16:03:47 - NewsStockPusher - INFO - 社交媒体监控器初始化完成
2026-02-04 16:03:47 - NewsStockPusher - INFO - 初始化完成，监控 3 只股票，15 个新闻源
2026-02-04 16:03:47 - AutoPushSystem - INFO - 优化版自动推送系统初始化完成
2026-02-04 16:03:47 - AutoPushSystem - INFO - 开始运行推送
2026-02-04 16:03:47 - NewsStockPusher - INFO - 开始运行推送器
2026-02-04 16:03:47 - NewsStockPusher - INFO - 获取股票数据...
2026-02-04 16:03:47 - NewsStockPusher - INFO - 获取新闻数据...
2026-02-04 16:04:04 - NewsStockPusher - INFO - 获取社交媒体数据...
2026-02-04 16:04:04 - SocialMediaMonitor - INFO - 开始社交媒体监控
2026-02-04 16:04:04 - SocialMediaMonitor - WARNING - 微博API未启用，跳过获取热搜
2026-02-04 16:04:04 - SocialMediaMonitor - WARNING - Twitter API未启用，跳过获取趋势
2026-02-04 16:04:04 - SocialMediaMonitor - WARNING - Reddit API未启用，跳过获取热门帖子
2026-02-04 16:04:04 - SocialMediaMonitor - INFO - 社交媒体监控完成，耗时: 0.0秒
2026-02-04 16:04:04 - NewsStockPusher - INFO - 报告生成完成，长度: 429 字符
2026-02-04 16:04:04 - NewsStockPusher - INFO - 内容已保存到: logs/push_report_20260204_160404.txt
2026-02-04 16:04:04 - NewsStockPusher - INFO - 准备发送消息 (429 字符)
2026-02-04 16:04:04 - NewsStockPusher - WARNING - whatsapp 消息发送失败: 未配置WhatsApp号码，请设置WHATSAPP_NUMBER环境变量
2026-02-04 16:04:04 - NewsStockPusher - INFO - 发送结果: 所有平台发送失败: whatsapp
2026-02-04 16:04:04 - NewsStockPusher - INFO - 清理 NewsStockPusher 资源
2026-02-04 16:04:04 - AutoPushSystem - INFO - 推送失败, 耗时: 17.2秒
============================================================
🚀 优化版自动推送系统
============================================================
开始推送...

推送结果: ❌ 失败
详细信息: 推送失败, 耗时: 17.2秒
